<?xml version="1.0" encoding="UTF-8"?>
<testsuite name="VerifySARApprovalTest"
           tests="1"
           failures="1"
           errors="0"
           skipped="0"
           time="2.206">
  <properties />
            <testcase name="runVerifySARApproval" time="2.206" classname="com.advantage.tests.OCAutomation.VerifySARApprovalTest">
                <failure type="com.advantage.genericexceptions.ClickNoSuchElementException"
                  message="Could not find &apos;Login&apos;
"
              >
<![CDATA[com.advantage.genericexceptions.ClickNoSuchElementException: Could not find 'Login'

  com.advantage.framework.Framework.clickAndWait(Unknown Source)
  com.advantage.framework.Framework.clickAndWait(Unknown Source)
  com.advantage.pages.OCAutomation.Login.clickLoginAndWait(Unknown Source)
  com.advantage.pages.OCAutomation.Login.loginAs(Unknown Source)
  com.advantage.tests.OCAutomation.VerifySARApprovalTest.runVerifySARApproval(Unknown Source)
  sun.reflect.NativeMethodAccessorImpl.invoke0(Native Method)
  sun.reflect.NativeMethodAccessorImpl.invoke(Unknown Source)
  sun.reflect.DelegatingMethodAccessorImpl.invoke(Unknown Source)
  java.lang.reflect.Method.invoke(Unknown Source)
  org.testng.internal.MethodInvocationHelper.invokeMethod(MethodInvocationHelper.java:84)
  org.testng.internal.Invoker.invokeMethod(Invoker.java:714)
  org.testng.internal.Invoker.invokeTestMethod(Invoker.java:901)
  org.testng.internal.Invoker.invokeTestMethods(Invoker.java:1231)
  org.testng.internal.TestMethodWorker.invokeTestMethods(TestMethodWorker.java:127)
  org.testng.internal.TestMethodWorker.run(TestMethodWorker.java:111)
  org.testng.TestRunner.privateRun(TestRunner.java:767)
  org.testng.TestRunner.run(TestRunner.java:617)
  org.testng.SuiteRunner.runTest(SuiteRunner.java:334)
  org.testng.SuiteRunner.access$000(SuiteRunner.java:37)
  org.testng.SuiteRunner$SuiteWorker.run(SuiteRunner.java:368)
  org.testng.internal.thread.ThreadUtil$2.call(ThreadUtil.java:64)
  java.util.concurrent.FutureTask.run(Unknown Source)
  java.util.concurrent.ThreadPoolExecutor.runWorker(Unknown Source)
  java.util.concurrent.ThreadPoolExecutor$Worker.run(Unknown Source)
  java.lang.Thread.run(Unknown Source)
]]>
      </failure>

          </testcase>
  
  
  
</testsuite>
